<?xml version="1.0" encoding="UTF-8"?>
<beans xmlns="http://www.springframework.org/schema/beans"
       xmlns:xsi="http://www.w3.org/2001/XMLSchema-instance"
       xsi:schemaLocation="http://www.springframework.org/schema/beans
           http://www.springframework.org/schema/beans/spring-beans-3.0.xsd">


  <bean id="mappingRepositoryAdapter"
        class="de.fisch3r.couchdbdemo.MappingRepositoryAdapter">
        <property name="documentUrl" value="http://127.0.0.1:5984/liste/6c98b56d168ee1d28807a7e442000124" />
  </bean>
  
</beans>